<testsuites id="" name="" tests="8" failures="8" skipped="0" errors="0" time="378.171184">
<testsuite name="tutorial-overlay.spec.js" timestamp="2025-10-30T17:32:45.230Z" hostname="" tests="8" failures="8" skipped="0" time="373.09" errors="0">
<testcase name="Tutorial overlay › progresses tutorial prompts and syncs store state" classname="tutorial-overlay.spec.js" time="46.606">
<failure message="tutorial-overlay.spec.js:328:3 progresses tutorial prompts and syncs store state" type="FAILURE">
<![CDATA[  tutorial-overlay.spec.js:328:3 › Tutorial overlay › progresses tutorial prompts and syncs store state 

    Test timeout of 45000ms exceeded.

    Error: page.waitForFunction: Test timeout of 45000ms exceeded.

       at setup.js:12

      10 |   await page.goto('/');
      11 |   await page.waitForSelector('#game-canvas', { timeout: 15000 });
    > 12 |   await page.waitForFunction(
         |              ^
      13 |     () => window.game && window.game.loaded === true,
      14 |     { timeout: 15000 }
      15 |   );
        at waitForGameLoad (/home/tsonu/src/genai-game-engine/tests/e2e/setup.js:12:14)
        at prepareTutorial (/home/tsonu/src/genai-game-engine/tests/e2e/tutorial-overlay.spec.js:36:3)
        at /home/tsonu/src/genai-game-engine/tests/e2e/tutorial-overlay.spec.js:331:5

    attachment #1: screenshot (image/png) ──────────────────────────────────────────────────────────
    ../../test-results/tutorial-overlay-Tutorial--2837a-ompts-and-syncs-store-state/test-failed-1.png
    ────────────────────────────────────────────────────────────────────────────────────────────────

    attachment #2: tutorial-telemetry-capture-error (text/plain) ───────────────────────────────────
    page.evaluate: Error: Game save manager unavailable for telemetry export
        at eval (eval at evaluate (:290:30), <anonymous>:6:13)
        at UtilityScript.evaluate (<anonymous>:292:16)
        at UtilityScript.<anonymous> (<anonymous>:1:44)
    page.evaluate: Error: Game save manager unavailable for telemetry...
    ────────────────────────────────────────────────────────────────────────────────────────────────

    attachment #3: tutorial-failure-screenshot (image/png) ─────────────────────────────────────────
    ../../test-results/tutorial-overlay-Tutorial--2837a-ompts-and-syncs-store-state/attachments/tutorial-failure-screenshot-64ff0c5eb41d21d8b9427389e1cb0d83d070e035.png
    ────────────────────────────────────────────────────────────────────────────────────────────────

    attachment #4: tutorial-failure-video (video/webm) ─────────────────────────────────────────────
    ../../test-results/tutorial-overlay-Tutorial--2837a-ompts-and-syncs-store-state/attachments/tutorial-failure-video-b29fe0edb3d992be529c762dbc5034960e3b5215.webm
    ────────────────────────────────────────────────────────────────────────────────────────────────

    attachment #5: video (video/webm) ──────────────────────────────────────────────────────────────
    ../../test-results/tutorial-overlay-Tutorial--2837a-ompts-and-syncs-store-state/video.webm
    ────────────────────────────────────────────────────────────────────────────────────────────────

    Error Context: ../../test-results/tutorial-overlay-Tutorial--2837a-ompts-and-syncs-store-state/error-context.md

    attachment #7: trace (application/zip) ─────────────────────────────────────────────────────────
    ../../test-results/tutorial-overlay-Tutorial--2837a-ompts-and-syncs-store-state/trace.zip
    Usage:

        npx playwright show-trace ../../test-results/tutorial-overlay-Tutorial--2837a-ompts-and-syncs-store-state/trace.zip

    ────────────────────────────────────────────────────────────────────────────────────────────────
]]>
</failure>
<system-out>
<![CDATA[
[[ATTACHMENT|test-results/tutorial-overlay-Tutorial--2837a-ompts-and-syncs-store-state/test-failed-1.png]]

[[ATTACHMENT|test-results/tutorial-overlay-Tutorial--2837a-ompts-and-syncs-store-state/attachments/tutorial-failure-screenshot-64ff0c5eb41d21d8b9427389e1cb0d83d070e035.png]]

[[ATTACHMENT|test-results/tutorial-overlay-Tutorial--2837a-ompts-and-syncs-store-state/attachments/tutorial-failure-video-b29fe0edb3d992be529c762dbc5034960e3b5215.webm]]

[[ATTACHMENT|test-results/tutorial-overlay-Tutorial--2837a-ompts-and-syncs-store-state/video.webm]]

[[ATTACHMENT|test-results/tutorial-overlay-Tutorial--2837a-ompts-and-syncs-store-state/error-context.md]]

[[ATTACHMENT|test-results/tutorial-overlay-Tutorial--2837a-ompts-and-syncs-store-state/trace.zip]]
]]>
</system-out>
</testcase>
<testcase name="Tutorial overlay › shows control hint keycaps and bright tutorial evidence hotspots" classname="tutorial-overlay.spec.js" time="46.661">
<failure message="tutorial-overlay.spec.js:425:3 shows control hint keycaps and bright tutorial evidence hotspots" type="FAILURE">
<![CDATA[  tutorial-overlay.spec.js:425:3 › Tutorial overlay › shows control hint keycaps and bright tutorial evidence hotspots 

    Test timeout of 45000ms exceeded.

    Error: page.waitForFunction: Test timeout of 45000ms exceeded.

       at setup.js:12

      10 |   await page.goto('/');
      11 |   await page.waitForSelector('#game-canvas', { timeout: 15000 });
    > 12 |   await page.waitForFunction(
         |              ^
      13 |     () => window.game && window.game.loaded === true,
      14 |     { timeout: 15000 }
      15 |   );
        at waitForGameLoad (/home/tsonu/src/genai-game-engine/tests/e2e/setup.js:12:14)
        at prepareTutorial (/home/tsonu/src/genai-game-engine/tests/e2e/tutorial-overlay.spec.js:36:3)
        at /home/tsonu/src/genai-game-engine/tests/e2e/tutorial-overlay.spec.js:428:5

    attachment #1: screenshot (image/png) ──────────────────────────────────────────────────────────
    ../../test-results/tutorial-overlay-Tutorial--e09f8--tutorial-evidence-hotspots/test-failed-1.png
    ────────────────────────────────────────────────────────────────────────────────────────────────

    attachment #2: tutorial-telemetry-capture-error (text/plain) ───────────────────────────────────
    page.evaluate: Error: Game save manager unavailable for telemetry export
        at eval (eval at evaluate (:290:30), <anonymous>:6:13)
        at UtilityScript.evaluate (<anonymous>:292:16)
        at UtilityScript.<anonymous> (<anonymous>:1:44)
    page.evaluate: Error: Game save manager unavailable for telemetry...
    ────────────────────────────────────────────────────────────────────────────────────────────────

    attachment #3: tutorial-failure-screenshot (image/png) ─────────────────────────────────────────
    ../../test-results/tutorial-overlay-Tutorial--e09f8--tutorial-evidence-hotspots/attachments/tutorial-failure-screenshot-e86703caa1b7d69f1ac76580c743ca46afbb6ecf.png
    ────────────────────────────────────────────────────────────────────────────────────────────────

    attachment #4: tutorial-failure-video (video/webm) ─────────────────────────────────────────────
    ../../test-results/tutorial-overlay-Tutorial--e09f8--tutorial-evidence-hotspots/attachments/tutorial-failure-video-4409d62e309778b340b2f5d3108ca030f10ea10a.webm
    ────────────────────────────────────────────────────────────────────────────────────────────────

    attachment #5: video (video/webm) ──────────────────────────────────────────────────────────────
    ../../test-results/tutorial-overlay-Tutorial--e09f8--tutorial-evidence-hotspots/video.webm
    ────────────────────────────────────────────────────────────────────────────────────────────────

    Error Context: ../../test-results/tutorial-overlay-Tutorial--e09f8--tutorial-evidence-hotspots/error-context.md

    attachment #7: trace (application/zip) ─────────────────────────────────────────────────────────
    ../../test-results/tutorial-overlay-Tutorial--e09f8--tutorial-evidence-hotspots/trace.zip
    Usage:

        npx playwright show-trace ../../test-results/tutorial-overlay-Tutorial--e09f8--tutorial-evidence-hotspots/trace.zip

    ────────────────────────────────────────────────────────────────────────────────────────────────
]]>
</failure>
<system-out>
<![CDATA[
[[ATTACHMENT|test-results/tutorial-overlay-Tutorial--e09f8--tutorial-evidence-hotspots/test-failed-1.png]]

[[ATTACHMENT|test-results/tutorial-overlay-Tutorial--e09f8--tutorial-evidence-hotspots/attachments/tutorial-failure-screenshot-e86703caa1b7d69f1ac76580c743ca46afbb6ecf.png]]

[[ATTACHMENT|test-results/tutorial-overlay-Tutorial--e09f8--tutorial-evidence-hotspots/attachments/tutorial-failure-video-4409d62e309778b340b2f5d3108ca030f10ea10a.webm]]

[[ATTACHMENT|test-results/tutorial-overlay-Tutorial--e09f8--tutorial-evidence-hotspots/video.webm]]

[[ATTACHMENT|test-results/tutorial-overlay-Tutorial--e09f8--tutorial-evidence-hotspots/error-context.md]]

[[ATTACHMENT|test-results/tutorial-overlay-Tutorial--e09f8--tutorial-evidence-hotspots/trace.zip]]
]]>
</system-out>
</testcase>
<testcase name="Tutorial overlay › advances evidence detection step via proximity" classname="tutorial-overlay.spec.js" time="46.609">
<failure message="tutorial-overlay.spec.js:473:3 advances evidence detection step via proximity" type="FAILURE">
<![CDATA[  tutorial-overlay.spec.js:473:3 › Tutorial overlay › advances evidence detection step via proximity 

    Test timeout of 45000ms exceeded.

    Error: page.waitForFunction: Test timeout of 45000ms exceeded.

       at setup.js:12

      10 |   await page.goto('/');
      11 |   await page.waitForSelector('#game-canvas', { timeout: 15000 });
    > 12 |   await page.waitForFunction(
         |              ^
      13 |     () => window.game && window.game.loaded === true,
      14 |     { timeout: 15000 }
      15 |   );
        at waitForGameLoad (/home/tsonu/src/genai-game-engine/tests/e2e/setup.js:12:14)
        at prepareTutorial (/home/tsonu/src/genai-game-engine/tests/e2e/tutorial-overlay.spec.js:36:3)
        at /home/tsonu/src/genai-game-engine/tests/e2e/tutorial-overlay.spec.js:476:5

    attachment #1: screenshot (image/png) ──────────────────────────────────────────────────────────
    ../../test-results/tutorial-overlay-Tutorial--ba6c8-etection-step-via-proximity/test-failed-1.png
    ────────────────────────────────────────────────────────────────────────────────────────────────

    attachment #2: tutorial-telemetry-capture-error (text/plain) ───────────────────────────────────
    page.evaluate: Error: Game save manager unavailable for telemetry export
        at eval (eval at evaluate (:290:30), <anonymous>:6:13)
        at UtilityScript.evaluate (<anonymous>:292:16)
        at UtilityScript.<anonymous> (<anonymous>:1:44)
    page.evaluate: Error: Game save manager unavailable for telemetry...
    ────────────────────────────────────────────────────────────────────────────────────────────────

    attachment #3: tutorial-failure-screenshot (image/png) ─────────────────────────────────────────
    ../../test-results/tutorial-overlay-Tutorial--ba6c8-etection-step-via-proximity/attachments/tutorial-failure-screenshot-35db04836276844a6c6b852abf1960f102dce485.png
    ────────────────────────────────────────────────────────────────────────────────────────────────

    attachment #4: tutorial-failure-video (video/webm) ─────────────────────────────────────────────
    ../../test-results/tutorial-overlay-Tutorial--ba6c8-etection-step-via-proximity/attachments/tutorial-failure-video-e0cf5b0419a058597255c587e6f115b0983fe9a9.webm
    ────────────────────────────────────────────────────────────────────────────────────────────────

    attachment #5: video (video/webm) ──────────────────────────────────────────────────────────────
    ../../test-results/tutorial-overlay-Tutorial--ba6c8-etection-step-via-proximity/video.webm
    ────────────────────────────────────────────────────────────────────────────────────────────────

    Error Context: ../../test-results/tutorial-overlay-Tutorial--ba6c8-etection-step-via-proximity/error-context.md

    attachment #7: trace (application/zip) ─────────────────────────────────────────────────────────
    ../../test-results/tutorial-overlay-Tutorial--ba6c8-etection-step-via-proximity/trace.zip
    Usage:

        npx playwright show-trace ../../test-results/tutorial-overlay-Tutorial--ba6c8-etection-step-via-proximity/trace.zip

    ────────────────────────────────────────────────────────────────────────────────────────────────
]]>
</failure>
<system-out>
<![CDATA[
[[ATTACHMENT|test-results/tutorial-overlay-Tutorial--ba6c8-etection-step-via-proximity/test-failed-1.png]]

[[ATTACHMENT|test-results/tutorial-overlay-Tutorial--ba6c8-etection-step-via-proximity/attachments/tutorial-failure-screenshot-35db04836276844a6c6b852abf1960f102dce485.png]]

[[ATTACHMENT|test-results/tutorial-overlay-Tutorial--ba6c8-etection-step-via-proximity/attachments/tutorial-failure-video-e0cf5b0419a058597255c587e6f115b0983fe9a9.webm]]

[[ATTACHMENT|test-results/tutorial-overlay-Tutorial--ba6c8-etection-step-via-proximity/video.webm]]

[[ATTACHMENT|test-results/tutorial-overlay-Tutorial--ba6c8-etection-step-via-proximity/error-context.md]]

[[ATTACHMENT|test-results/tutorial-overlay-Tutorial--ba6c8-etection-step-via-proximity/trace.zip]]
]]>
</system-out>
</testcase>
<testcase name="Tutorial overlay › collects evidence and updates tutorial state" classname="tutorial-overlay.spec.js" time="46.678">
<failure message="tutorial-overlay.spec.js:537:3 collects evidence and updates tutorial state" type="FAILURE">
<![CDATA[  tutorial-overlay.spec.js:537:3 › Tutorial overlay › collects evidence and updates tutorial state ─

    Test timeout of 45000ms exceeded.

    Error: page.waitForFunction: Test timeout of 45000ms exceeded.

       at setup.js:12

      10 |   await page.goto('/');
      11 |   await page.waitForSelector('#game-canvas', { timeout: 15000 });
    > 12 |   await page.waitForFunction(
         |              ^
      13 |     () => window.game && window.game.loaded === true,
      14 |     { timeout: 15000 }
      15 |   );
        at waitForGameLoad (/home/tsonu/src/genai-game-engine/tests/e2e/setup.js:12:14)
        at prepareTutorial (/home/tsonu/src/genai-game-engine/tests/e2e/tutorial-overlay.spec.js:36:3)
        at /home/tsonu/src/genai-game-engine/tests/e2e/tutorial-overlay.spec.js:540:5

    attachment #1: screenshot (image/png) ──────────────────────────────────────────────────────────
    ../../test-results/tutorial-overlay-Tutorial--4f6c0--and-updates-tutorial-state/test-failed-1.png
    ────────────────────────────────────────────────────────────────────────────────────────────────

    attachment #2: tutorial-telemetry-capture-error (text/plain) ───────────────────────────────────
    page.evaluate: Error: Game save manager unavailable for telemetry export
        at eval (eval at evaluate (:290:30), <anonymous>:6:13)
        at UtilityScript.evaluate (<anonymous>:292:16)
        at UtilityScript.<anonymous> (<anonymous>:1:44)
    page.evaluate: Error: Game save manager unavailable for telemetry...
    ────────────────────────────────────────────────────────────────────────────────────────────────

    attachment #3: tutorial-failure-screenshot (image/png) ─────────────────────────────────────────
    ../../test-results/tutorial-overlay-Tutorial--4f6c0--and-updates-tutorial-state/attachments/tutorial-failure-screenshot-168fc4e7248f3276b8a4848e5b352bb8add8f0c7.png
    ────────────────────────────────────────────────────────────────────────────────────────────────

    attachment #4: tutorial-failure-video (video/webm) ─────────────────────────────────────────────
    ../../test-results/tutorial-overlay-Tutorial--4f6c0--and-updates-tutorial-state/attachments/tutorial-failure-video-8d97cdc5fdd3a5eddacc2915050ee8687d788aff.webm
    ────────────────────────────────────────────────────────────────────────────────────────────────

    attachment #5: video (video/webm) ──────────────────────────────────────────────────────────────
    ../../test-results/tutorial-overlay-Tutorial--4f6c0--and-updates-tutorial-state/video.webm
    ────────────────────────────────────────────────────────────────────────────────────────────────

    Error Context: ../../test-results/tutorial-overlay-Tutorial--4f6c0--and-updates-tutorial-state/error-context.md

    attachment #7: trace (application/zip) ─────────────────────────────────────────────────────────
    ../../test-results/tutorial-overlay-Tutorial--4f6c0--and-updates-tutorial-state/trace.zip
    Usage:

        npx playwright show-trace ../../test-results/tutorial-overlay-Tutorial--4f6c0--and-updates-tutorial-state/trace.zip

    ────────────────────────────────────────────────────────────────────────────────────────────────
]]>
</failure>
<system-out>
<![CDATA[
[[ATTACHMENT|test-results/tutorial-overlay-Tutorial--4f6c0--and-updates-tutorial-state/test-failed-1.png]]

[[ATTACHMENT|test-results/tutorial-overlay-Tutorial--4f6c0--and-updates-tutorial-state/attachments/tutorial-failure-screenshot-168fc4e7248f3276b8a4848e5b352bb8add8f0c7.png]]

[[ATTACHMENT|test-results/tutorial-overlay-Tutorial--4f6c0--and-updates-tutorial-state/attachments/tutorial-failure-video-8d97cdc5fdd3a5eddacc2915050ee8687d788aff.webm]]

[[ATTACHMENT|test-results/tutorial-overlay-Tutorial--4f6c0--and-updates-tutorial-state/video.webm]]

[[ATTACHMENT|test-results/tutorial-overlay-Tutorial--4f6c0--and-updates-tutorial-state/error-context.md]]

[[ATTACHMENT|test-results/tutorial-overlay-Tutorial--4f6c0--and-updates-tutorial-state/trace.zip]]
]]>
</system-out>
</testcase>
<testcase name="Tutorial overlay › activates detective vision and advances tutorial" classname="tutorial-overlay.spec.js" time="46.661">
<failure message="tutorial-overlay.spec.js:644:3 activates detective vision and advances tutorial" type="FAILURE">
<![CDATA[  tutorial-overlay.spec.js:644:3 › Tutorial overlay › activates detective vision and advances tutorial 

    Test timeout of 45000ms exceeded.

    Error: page.waitForFunction: Test timeout of 45000ms exceeded.

       at setup.js:12

      10 |   await page.goto('/');
      11 |   await page.waitForSelector('#game-canvas', { timeout: 15000 });
    > 12 |   await page.waitForFunction(
         |              ^
      13 |     () => window.game && window.game.loaded === true,
      14 |     { timeout: 15000 }
      15 |   );
        at waitForGameLoad (/home/tsonu/src/genai-game-engine/tests/e2e/setup.js:12:14)
        at prepareTutorial (/home/tsonu/src/genai-game-engine/tests/e2e/tutorial-overlay.spec.js:36:3)
        at /home/tsonu/src/genai-game-engine/tests/e2e/tutorial-overlay.spec.js:647:5

    attachment #1: screenshot (image/png) ──────────────────────────────────────────────────────────
    ../../test-results/tutorial-overlay-Tutorial--f13d3-ision-and-advances-tutorial/test-failed-1.png
    ────────────────────────────────────────────────────────────────────────────────────────────────

    attachment #2: tutorial-telemetry-capture-error (text/plain) ───────────────────────────────────
    page.evaluate: Error: Game save manager unavailable for telemetry export
        at eval (eval at evaluate (:290:30), <anonymous>:6:13)
        at UtilityScript.evaluate (<anonymous>:292:16)
        at UtilityScript.<anonymous> (<anonymous>:1:44)
    page.evaluate: Error: Game save manager unavailable for telemetry...
    ────────────────────────────────────────────────────────────────────────────────────────────────

    attachment #3: tutorial-failure-screenshot (image/png) ─────────────────────────────────────────
    ../../test-results/tutorial-overlay-Tutorial--f13d3-ision-and-advances-tutorial/attachments/tutorial-failure-screenshot-f7b76d28d0c20588bdb565f16f84e0a115162eaf.png
    ────────────────────────────────────────────────────────────────────────────────────────────────

    attachment #4: tutorial-failure-video (video/webm) ─────────────────────────────────────────────
    ../../test-results/tutorial-overlay-Tutorial--f13d3-ision-and-advances-tutorial/attachments/tutorial-failure-video-f2133119f9292dfdde5860a65f03956a7d12f7fd.webm
    ────────────────────────────────────────────────────────────────────────────────────────────────

    attachment #5: video (video/webm) ──────────────────────────────────────────────────────────────
    ../../test-results/tutorial-overlay-Tutorial--f13d3-ision-and-advances-tutorial/video.webm
    ────────────────────────────────────────────────────────────────────────────────────────────────

    Error Context: ../../test-results/tutorial-overlay-Tutorial--f13d3-ision-and-advances-tutorial/error-context.md

    attachment #7: trace (application/zip) ─────────────────────────────────────────────────────────
    ../../test-results/tutorial-overlay-Tutorial--f13d3-ision-and-advances-tutorial/trace.zip
    Usage:

        npx playwright show-trace ../../test-results/tutorial-overlay-Tutorial--f13d3-ision-and-advances-tutorial/trace.zip

    ────────────────────────────────────────────────────────────────────────────────────────────────
]]>
</failure>
<system-out>
<![CDATA[
[[ATTACHMENT|test-results/tutorial-overlay-Tutorial--f13d3-ision-and-advances-tutorial/test-failed-1.png]]

[[ATTACHMENT|test-results/tutorial-overlay-Tutorial--f13d3-ision-and-advances-tutorial/attachments/tutorial-failure-screenshot-f7b76d28d0c20588bdb565f16f84e0a115162eaf.png]]

[[ATTACHMENT|test-results/tutorial-overlay-Tutorial--f13d3-ision-and-advances-tutorial/attachments/tutorial-failure-video-f2133119f9292dfdde5860a65f03956a7d12f7fd.webm]]

[[ATTACHMENT|test-results/tutorial-overlay-Tutorial--f13d3-ision-and-advances-tutorial/video.webm]]

[[ATTACHMENT|test-results/tutorial-overlay-Tutorial--f13d3-ision-and-advances-tutorial/error-context.md]]

[[ATTACHMENT|test-results/tutorial-overlay-Tutorial--f13d3-ision-and-advances-tutorial/trace.zip]]
]]>
</system-out>
</testcase>
<testcase name="Tutorial overlay › completes case file step once overlay opens" classname="tutorial-overlay.spec.js" time="46.639">
<failure message="tutorial-overlay.spec.js:688:3 completes case file step once overlay opens" type="FAILURE">
<![CDATA[  tutorial-overlay.spec.js:688:3 › Tutorial overlay › completes case file step once overlay opens ──

    Test timeout of 45000ms exceeded.

    Error: page.waitForFunction: Test timeout of 45000ms exceeded.

       at setup.js:12

      10 |   await page.goto('/');
      11 |   await page.waitForSelector('#game-canvas', { timeout: 15000 });
    > 12 |   await page.waitForFunction(
         |              ^
      13 |     () => window.game && window.game.loaded === true,
      14 |     { timeout: 15000 }
      15 |   );
        at waitForGameLoad (/home/tsonu/src/genai-game-engine/tests/e2e/setup.js:12:14)
        at prepareTutorial (/home/tsonu/src/genai-game-engine/tests/e2e/tutorial-overlay.spec.js:36:3)
        at reachCaseFileStep (/home/tsonu/src/genai-game-engine/tests/e2e/tutorial-overlay.spec.js:224:3)
        at /home/tsonu/src/genai-game-engine/tests/e2e/tutorial-overlay.spec.js:691:5

    attachment #1: screenshot (image/png) ──────────────────────────────────────────────────────────
    ../../test-results/tutorial-overlay-Tutorial--fea38-ile-step-once-overlay-opens/test-failed-1.png
    ────────────────────────────────────────────────────────────────────────────────────────────────

    attachment #2: tutorial-telemetry-capture-error (text/plain) ───────────────────────────────────
    page.evaluate: Error: Game save manager unavailable for telemetry export
        at eval (eval at evaluate (:290:30), <anonymous>:6:13)
        at UtilityScript.evaluate (<anonymous>:292:16)
        at UtilityScript.<anonymous> (<anonymous>:1:44)
    page.evaluate: Error: Game save manager unavailable for telemetry...
    ────────────────────────────────────────────────────────────────────────────────────────────────

    attachment #3: tutorial-failure-screenshot (image/png) ─────────────────────────────────────────
    ../../test-results/tutorial-overlay-Tutorial--fea38-ile-step-once-overlay-opens/attachments/tutorial-failure-screenshot-256f3fe9c7b185e8e18b9cb99bda81d0cdb83bed.png
    ────────────────────────────────────────────────────────────────────────────────────────────────

    attachment #4: tutorial-failure-video (video/webm) ─────────────────────────────────────────────
    ../../test-results/tutorial-overlay-Tutorial--fea38-ile-step-once-overlay-opens/attachments/tutorial-failure-video-060da6ebfb65fa5ab841406cdd897ba7e0905ac1.webm
    ────────────────────────────────────────────────────────────────────────────────────────────────

    attachment #5: video (video/webm) ──────────────────────────────────────────────────────────────
    ../../test-results/tutorial-overlay-Tutorial--fea38-ile-step-once-overlay-opens/video.webm
    ────────────────────────────────────────────────────────────────────────────────────────────────

    Error Context: ../../test-results/tutorial-overlay-Tutorial--fea38-ile-step-once-overlay-opens/error-context.md

    attachment #7: trace (application/zip) ─────────────────────────────────────────────────────────
    ../../test-results/tutorial-overlay-Tutorial--fea38-ile-step-once-overlay-opens/trace.zip
    Usage:

        npx playwright show-trace ../../test-results/tutorial-overlay-Tutorial--fea38-ile-step-once-overlay-opens/trace.zip

    ────────────────────────────────────────────────────────────────────────────────────────────────
]]>
</failure>
<system-out>
<![CDATA[
[[ATTACHMENT|test-results/tutorial-overlay-Tutorial--fea38-ile-step-once-overlay-opens/test-failed-1.png]]

[[ATTACHMENT|test-results/tutorial-overlay-Tutorial--fea38-ile-step-once-overlay-opens/attachments/tutorial-failure-screenshot-256f3fe9c7b185e8e18b9cb99bda81d0cdb83bed.png]]

[[ATTACHMENT|test-results/tutorial-overlay-Tutorial--fea38-ile-step-once-overlay-opens/attachments/tutorial-failure-video-060da6ebfb65fa5ab841406cdd897ba7e0905ac1.webm]]

[[ATTACHMENT|test-results/tutorial-overlay-Tutorial--fea38-ile-step-once-overlay-opens/video.webm]]

[[ATTACHMENT|test-results/tutorial-overlay-Tutorial--fea38-ile-step-once-overlay-opens/error-context.md]]

[[ATTACHMENT|test-results/tutorial-overlay-Tutorial--fea38-ile-step-once-overlay-opens/trace.zip]]
]]>
</system-out>
</testcase>
<testcase name="Tutorial overlay › completes forensic analysis step via emitted events" classname="tutorial-overlay.spec.js" time="46.629">
<failure message="tutorial-overlay.spec.js:741:3 completes forensic analysis step via emitted events" type="FAILURE">
<![CDATA[  tutorial-overlay.spec.js:741:3 › Tutorial overlay › completes forensic analysis step via emitted events 

    Test timeout of 45000ms exceeded.

    Error: page.waitForFunction: Test timeout of 45000ms exceeded.

       at setup.js:12

      10 |   await page.goto('/');
      11 |   await page.waitForSelector('#game-canvas', { timeout: 15000 });
    > 12 |   await page.waitForFunction(
         |              ^
      13 |     () => window.game && window.game.loaded === true,
      14 |     { timeout: 15000 }
      15 |   );
        at waitForGameLoad (/home/tsonu/src/genai-game-engine/tests/e2e/setup.js:12:14)
        at prepareTutorial (/home/tsonu/src/genai-game-engine/tests/e2e/tutorial-overlay.spec.js:36:3)
        at reachCaseFileStep (/home/tsonu/src/genai-game-engine/tests/e2e/tutorial-overlay.spec.js:224:3)
        at reachForensicStep (/home/tsonu/src/genai-game-engine/tests/e2e/tutorial-overlay.spec.js:238:3)
        at /home/tsonu/src/genai-game-engine/tests/e2e/tutorial-overlay.spec.js:744:5

    attachment #1: screenshot (image/png) ──────────────────────────────────────────────────────────
    ../../test-results/tutorial-overlay-Tutorial--ab6ed-sis-step-via-emitted-events/test-failed-1.png
    ────────────────────────────────────────────────────────────────────────────────────────────────

    attachment #2: tutorial-telemetry-capture-error (text/plain) ───────────────────────────────────
    page.evaluate: Error: Game save manager unavailable for telemetry export
        at eval (eval at evaluate (:290:30), <anonymous>:6:13)
        at UtilityScript.evaluate (<anonymous>:292:16)
        at UtilityScript.<anonymous> (<anonymous>:1:44)
    page.evaluate: Error: Game save manager unavailable for telemetry...
    ────────────────────────────────────────────────────────────────────────────────────────────────

    attachment #3: tutorial-failure-screenshot (image/png) ─────────────────────────────────────────
    ../../test-results/tutorial-overlay-Tutorial--ab6ed-sis-step-via-emitted-events/attachments/tutorial-failure-screenshot-f696a21830ec95d740d3919df717f3f2b1120237.png
    ────────────────────────────────────────────────────────────────────────────────────────────────

    attachment #4: tutorial-failure-video (video/webm) ─────────────────────────────────────────────
    ../../test-results/tutorial-overlay-Tutorial--ab6ed-sis-step-via-emitted-events/attachments/tutorial-failure-video-7055addc3e2a9dbfa17d2c55484706e3a3455221.webm
    ────────────────────────────────────────────────────────────────────────────────────────────────

    attachment #5: video (video/webm) ──────────────────────────────────────────────────────────────
    ../../test-results/tutorial-overlay-Tutorial--ab6ed-sis-step-via-emitted-events/video.webm
    ────────────────────────────────────────────────────────────────────────────────────────────────

    Error Context: ../../test-results/tutorial-overlay-Tutorial--ab6ed-sis-step-via-emitted-events/error-context.md

    attachment #7: trace (application/zip) ─────────────────────────────────────────────────────────
    ../../test-results/tutorial-overlay-Tutorial--ab6ed-sis-step-via-emitted-events/trace.zip
    Usage:

        npx playwright show-trace ../../test-results/tutorial-overlay-Tutorial--ab6ed-sis-step-via-emitted-events/trace.zip

    ────────────────────────────────────────────────────────────────────────────────────────────────
]]>
</failure>
<system-out>
<![CDATA[
[[ATTACHMENT|test-results/tutorial-overlay-Tutorial--ab6ed-sis-step-via-emitted-events/test-failed-1.png]]

[[ATTACHMENT|test-results/tutorial-overlay-Tutorial--ab6ed-sis-step-via-emitted-events/attachments/tutorial-failure-screenshot-f696a21830ec95d740d3919df717f3f2b1120237.png]]

[[ATTACHMENT|test-results/tutorial-overlay-Tutorial--ab6ed-sis-step-via-emitted-events/attachments/tutorial-failure-video-7055addc3e2a9dbfa17d2c55484706e3a3455221.webm]]

[[ATTACHMENT|test-results/tutorial-overlay-Tutorial--ab6ed-sis-step-via-emitted-events/video.webm]]

[[ATTACHMENT|test-results/tutorial-overlay-Tutorial--ab6ed-sis-step-via-emitted-events/error-context.md]]

[[ATTACHMENT|test-results/tutorial-overlay-Tutorial--ab6ed-sis-step-via-emitted-events/trace.zip]]
]]>
</system-out>
</testcase>
<testcase name="Tutorial overlay › completes deduction board flow through case resolution" classname="tutorial-overlay.spec.js" time="46.607">
<failure message="tutorial-overlay.spec.js:772:3 completes deduction board flow through case resolution" type="FAILURE">
<![CDATA[  tutorial-overlay.spec.js:772:3 › Tutorial overlay › completes deduction board flow through case resolution 

    Test timeout of 45000ms exceeded.

    Error: page.waitForFunction: Test timeout of 45000ms exceeded.

       at setup.js:12

      10 |   await page.goto('/');
      11 |   await page.waitForSelector('#game-canvas', { timeout: 15000 });
    > 12 |   await page.waitForFunction(
         |              ^
      13 |     () => window.game && window.game.loaded === true,
      14 |     { timeout: 15000 }
      15 |   );
        at waitForGameLoad (/home/tsonu/src/genai-game-engine/tests/e2e/setup.js:12:14)
        at prepareTutorial (/home/tsonu/src/genai-game-engine/tests/e2e/tutorial-overlay.spec.js:36:3)
        at reachCaseFileStep (/home/tsonu/src/genai-game-engine/tests/e2e/tutorial-overlay.spec.js:224:3)
        at reachForensicStep (/home/tsonu/src/genai-game-engine/tests/e2e/tutorial-overlay.spec.js:238:3)
        at /home/tsonu/src/genai-game-engine/tests/e2e/tutorial-overlay.spec.js:775:5

    attachment #1: screenshot (image/png) ──────────────────────────────────────────────────────────
    ../../test-results/tutorial-overlay-Tutorial--4b20b-low-through-case-resolution/test-failed-1.png
    ────────────────────────────────────────────────────────────────────────────────────────────────

    attachment #2: tutorial-telemetry-capture-error (text/plain) ───────────────────────────────────
    page.evaluate: Error: Game save manager unavailable for telemetry export
        at eval (eval at evaluate (:290:30), <anonymous>:6:13)
        at UtilityScript.evaluate (<anonymous>:292:16)
        at UtilityScript.<anonymous> (<anonymous>:1:44)
    page.evaluate: Error: Game save manager unavailable for telemetry...
    ────────────────────────────────────────────────────────────────────────────────────────────────

    attachment #3: tutorial-failure-screenshot (image/png) ─────────────────────────────────────────
    ../../test-results/tutorial-overlay-Tutorial--4b20b-low-through-case-resolution/attachments/tutorial-failure-screenshot-c896d7aa5da10f9e4a69ce5d93a6f6bfcf47acce.png
    ────────────────────────────────────────────────────────────────────────────────────────────────

    attachment #4: tutorial-failure-video (video/webm) ─────────────────────────────────────────────
    ../../test-results/tutorial-overlay-Tutorial--4b20b-low-through-case-resolution/attachments/tutorial-failure-video-31708b7303ece336e8d51b359715b36bb8e169ca.webm
    ────────────────────────────────────────────────────────────────────────────────────────────────

    attachment #5: video (video/webm) ──────────────────────────────────────────────────────────────
    ../../test-results/tutorial-overlay-Tutorial--4b20b-low-through-case-resolution/video.webm
    ────────────────────────────────────────────────────────────────────────────────────────────────

    Error Context: ../../test-results/tutorial-overlay-Tutorial--4b20b-low-through-case-resolution/error-context.md

    attachment #7: trace (application/zip) ─────────────────────────────────────────────────────────
    ../../test-results/tutorial-overlay-Tutorial--4b20b-low-through-case-resolution/trace.zip
    Usage:

        npx playwright show-trace ../../test-results/tutorial-overlay-Tutorial--4b20b-low-through-case-resolution/trace.zip

    ────────────────────────────────────────────────────────────────────────────────────────────────
]]>
</failure>
<system-out>
<![CDATA[
[[ATTACHMENT|test-results/tutorial-overlay-Tutorial--4b20b-low-through-case-resolution/test-failed-1.png]]

[[ATTACHMENT|test-results/tutorial-overlay-Tutorial--4b20b-low-through-case-resolution/attachments/tutorial-failure-screenshot-c896d7aa5da10f9e4a69ce5d93a6f6bfcf47acce.png]]

[[ATTACHMENT|test-results/tutorial-overlay-Tutorial--4b20b-low-through-case-resolution/attachments/tutorial-failure-video-31708b7303ece336e8d51b359715b36bb8e169ca.webm]]

[[ATTACHMENT|test-results/tutorial-overlay-Tutorial--4b20b-low-through-case-resolution/video.webm]]

[[ATTACHMENT|test-results/tutorial-overlay-Tutorial--4b20b-low-through-case-resolution/error-context.md]]

[[ATTACHMENT|test-results/tutorial-overlay-Tutorial--4b20b-low-through-case-resolution/trace.zip]]
]]>
</system-out>
</testcase>
</testsuite>
</testsuites>